[debug] [2025-05-05T10:02:33.896Z] ----------------------------------------------------------------------
[debug] [2025-05-05T10:02:33.898Z] Command:       C:\Program Files\nodejs\node.exe C:\Users\HARIS\AppData\Roaming\npm\node_modules\firebase-tools\lib\bin\firebase.js init
[debug] [2025-05-05T10:02:33.898Z] CLI Version:   14.2.1
[debug] [2025-05-05T10:02:33.899Z] Platform:      win32
[debug] [2025-05-05T10:02:33.899Z] Node Version:  v20.18.3
[debug] [2025-05-05T10:02:33.899Z] Time:          Mon May 05 2025 15:32:33 GMT+0530 (India Standard Time)
[debug] [2025-05-05T10:02:33.899Z] ----------------------------------------------------------------------
[debug] 
[debug] [2025-05-05T10:02:34.091Z] > command requires scopes: ["email","openid","https://www.googleapis.com/auth/cloudplatformprojects.readonly","https://www.googleapis.com/auth/firebase","https://www.googleapis.com/auth/cloud-platform"]
[debug] [2025-05-05T10:02:34.092Z] > authorizing via signed-in user (sumansolarenergy@gmail.com)
[info] 
     ######## #### ########  ######## ########     ###     ######  ########
     ##        ##  ##     ## ##       ##     ##  ##   ##  ##       ##
     ######    ##  ########  ######   ########  #########  ######  ######
     ##        ##  ##    ##  ##       ##     ## ##     ##       ## ##
     ##       #### ##     ## ######## ########  ##     ##  ######  ########

You're about to initialize a Firebase project in this directory:

  D:\solarProject

Before we get started, keep in mind:

  * You are initializing within an existing Firebase project directory

[info] 
=== Project Setup
[info] 
[info] First, let's associate this project directory with a Firebase project.
[info] You can create multiple project aliases by running firebase use --add, 
[info] but for now we'll just set up a default project.
[info] 
[debug] [2025-05-05T10:02:44.259Z] Using project from CLI flag: sumansolarenergies-47400
[debug] [2025-05-05T10:02:44.260Z] Checked if tokens are valid: true, expires at: 1746442475778
[debug] [2025-05-05T10:02:44.260Z] Checked if tokens are valid: true, expires at: 1746442475778
[debug] [2025-05-05T10:02:44.262Z] >>> [apiv2][query] GET https://firebase.googleapis.com/v1beta1/projects/sumansolarenergies-47400 [none]
[debug] [2025-05-05T10:02:44.832Z] <<< [apiv2][status] GET https://firebase.googleapis.com/v1beta1/projects/sumansolarenergies-47400 200
[debug] [2025-05-05T10:02:44.832Z] <<< [apiv2][body] GET https://firebase.googleapis.com/v1beta1/projects/sumansolarenergies-47400 {"projectId":"sumansolarenergies-47400","projectNumber":"13173361622","displayName":"sumansolarenergies","name":"projects/sumansolarenergies-47400","resources":{"hostingSite":"sumansolarenergies-47400"},"state":"ACTIVE","etag":"1_e33a4239-0d4c-44e9-b45d-b85aa47a3ea7"}
[info] i  Using project sumansolarenergies-47400 (sumansolarenergies) 
[info] 
=== Hosting Setup
[debug] [2025-05-05T10:02:44.844Z] Checked if tokens are valid: true, expires at: 1746442475778
[debug] [2025-05-05T10:02:44.844Z] Checked if tokens are valid: true, expires at: 1746442475778
[debug] [2025-05-05T10:02:44.845Z] >>> [apiv2][query] GET https://firebase.googleapis.com/v1beta1/projects/sumansolarenergies-47400 [none]
[debug] [2025-05-05T10:02:48.556Z] <<< [apiv2][status] GET https://firebase.googleapis.com/v1beta1/projects/sumansolarenergies-47400 200
[debug] [2025-05-05T10:02:48.556Z] <<< [apiv2][body] GET https://firebase.googleapis.com/v1beta1/projects/sumansolarenergies-47400 {"projectId":"sumansolarenergies-47400","projectNumber":"13173361622","displayName":"sumansolarenergies","name":"projects/sumansolarenergies-47400","resources":{"hostingSite":"sumansolarenergies-47400"},"state":"ACTIVE","etag":"1_e33a4239-0d4c-44e9-b45d-b85aa47a3ea7"}
[info] 
[info] Your public directory is the folder (relative to your project directory) that
[info] will contain Hosting assets to be uploaded with firebase deploy. If you
[info] have a build process for your assets, use your build's output directory.
[info] 
